<?xml version="1.0" encoding="UTF-8"?>
<!-- Generated by org.testng.reporters.JUnitReportReporter -->
<testsuite hostname="LAPTOP-TED4PII7" failures="0" tests="1" name="test.Task2google" time="2.112" errors="0" timestamp="2022-11-01T16:45:45 GMT-04:00" skipped="0">
  <testcase classname="test.Task2google" name="test1" time="2.112"/>
  <system-out/>
</testsuite> <!-- test.Task2google -->
