<?xml version="1.0" encoding="UTF-8"?>
<!-- Generated by org.testng.reporters.JUnitReportReporter -->
<testsuite hostname="LAPTOP-TED4PII7" failures="0" tests="1" name="test.testexample3" time="1.972" errors="0" timestamp="2022-10-21T18:34:42 GMT-04:00" skipped="0">
  <testcase classname="test.testexample3" name="testDelete" time="1.972"/>
  <system-out/>
</testsuite> <!-- test.testexample3 -->
